Using pre-set license
Built from '2020.2/release' branch; Version is '2020.2.2f1 (068178b99f32) revision 426360'; Using compiler version '192528614'; Build Type 'Release'
OS: 'Windows 10 Pro; OS build 19045.2486; Version 2009; 64bit' Language: 'ru' Physical Memory: 7112 MB
BatchMode: 1, IsHumanControllingUs: 0, StartBugReporterOnCrash: 0, Is64bit: 1, IsPro: 0

 COMMAND LINE ARGUMENTS:
C:\Program Files\Unity\Hub\Editor\2020.2.2f1\Editor\Unity.exe
-adb2
-batchMode
-noUpm
-name
AssetImportWorker0
-projectPath
C:/Users/Dmitry/Block Game
-logFile
Logs/AssetImportWorker0.log
-srvPort
64771
Successfully changed project path to: C:/Users/Dmitry/Block Game
C:/Users/Dmitry/Block Game
Using Asset Import Pipeline V2.
Refreshing native plugins compatible for Editor in 179.53 ms, found 1 plugins.
Preloading 0 native plugins for Editor in 0.00 ms.
Initialize engine version: 2020.2.2f1 (068178b99f32)
[Subsystems] Discovering subsystems at path C:/Program Files/Unity/Hub/Editor/2020.2.2f1/Editor/Data/Resources/UnitySubsystems
[Subsystems] Discovering subsystems at path C:/Users/Dmitry/Block Game/Assets
GfxDevice: creating device client; threaded=0
Direct3D:
    Version:  Direct3D 11.0 [level 11.1]
    Renderer: NVIDIA GeForce GTX 1050 (ID=0x1c8d)
    Vendor:   
    VRAM:     1979 MB
    Driver:   27.21.14.6231
Initialize mono
Mono path[0] = 'C:/Program Files/Unity/Hub/Editor/2020.2.2f1/Editor/Data/Managed'
Mono path[1] = 'C:/Program Files/Unity/Hub/Editor/2020.2.2f1/Editor/Data/MonoBleedingEdge/lib/mono/unityjit'
Mono config path = 'C:/Program Files/Unity/Hub/Editor/2020.2.2f1/Editor/Data/MonoBleedingEdge/etc'
Using monoOptions --debugger-agent=transport=dt_socket,embedding=1,server=y,suspend=n,address=127.0.0.1:56876
Begin MonoManager ReloadAssembly
Registering precompiled unity dll's ...
Register platform support module: C:/Program Files/Unity/Hub/Editor/2020.2.2f1/Editor/Data/PlaybackEngines/WindowsStandaloneSupport/UnityEditor.WindowsStandalone.Extensions.dll
Registered in 0.035210 seconds.
Native extension for WindowsStandalone target not found
Refreshing native plugins compatible for Editor in 116.39 ms, found 1 plugins.
Preloading 0 native plugins for Editor in 0.00 ms.
Invoked RoslynAnalysisRunner static constructor.
RoslynAnalysisRunner will not be running.
RoslynAnalysisRunner has terminated.
Mono: successfully reloaded assembly
- Completed reload, in 14.082 seconds
Platform modules already initialized, skipping
Registering precompiled user dll's ...
Registered in 0.036314 seconds.
Begin MonoManager ReloadAssembly
Native extension for WindowsStandalone target not found
Refreshing native plugins compatible for Editor in 107.64 ms, found 1 plugins.
Preloading 0 native plugins for Editor in 0.00 ms.
UnityIAP: [InitializeOnLoad] Facebook Check
UnityIAP: Runtime [2020.2.2f1]
UnityIAP: Current Build is Android:StandaloneWindows
UnityIAP: stub FacebookStore.dll disabled
Invoked RoslynAnalysisRunner static constructor.
RoslynAnalysisRunner will not be running.
RoslynAnalysisRunner has terminated.
Mono: successfully reloaded assembly
- Completed reload, in  2.873 seconds
Platform modules already initialized, skipping
========================================================================
Worker process is ready to serve import requests
Launched and connected shader compiler UnityShaderCompiler.exe after 0.16 seconds
Refreshing native plugins compatible for Editor in 1.35 ms, found 1 plugins.
Preloading 0 native plugins for Editor in 0.00 ms.
Unloading 1887 Unused Serialized files (Serialized files now loaded: 0)
System memory in use before: 86.8 MB.
System memory in use after: 86.9 MB.

Unloading 40 unused Assets to reduce memory usage. Loaded Objects now: 2319.
Total: 13.593800 ms (FindLiveObjects: 0.611000 ms CreateObjectMapping: 0.104100 ms MarkObjects: 12.673700 ms  DeleteObjects: 0.199600 ms)

========================================================================
Received Import Request.
  path: Assets/Plugins/Android/launcherTemplate.gradle
  artifactKey: Guid(78d0b529955b07f4b87bd9997a795302) Importer(815301076,1909f56bfc062723c751e8b465ee728b)
Start importing Assets/Plugins/Android/launcherTemplate.gradle using Guid(78d0b529955b07f4b87bd9997a795302) Importer(815301076,1909f56bfc062723c751e8b465ee728b)  -> (artifact id: '01ccdf1dcbeabd0a028b89b106994536') in 0.095722 seconds
  Import took 0.104710 seconds .

AssetImportWorkerClient::OnTransportError - code=2 error=End of file
